# JRE version: Java(TM) SE Runtime Environment (16.0.2+7) (build 16.0.2+7-67)
# Java VM: Java HotSpot(TM) 64-Bit Server VM (16.0.2+7-67, mixed mode, sharing, tiered, compressed oops, compressed class ptrs, g1 gc, windows-amd64)
GC Precious Log:
 CPUs: 12 total, 12 available
 Memory: 7928M
 Large Page Support: Disabled
 NUMA Support: Disabled
 Compressed Oops: Enabled (32-bit)
 Heap Region Size: 1M
 Heap Min Capacity: 8M
 Heap Initial Capacity: 124M
 Heap Max Capacity: 1984M
 Pre-touch: Disabled
 Parallel Workers: 10
 Concurrent Workers: 3
 Concurrent Refinement Workers: 10
 Periodic GC: Disabled
Heap:
 garbage-first heap   total 329728K, used 231776K [0x0000000084000000, 0x0000000100000000)
  region size 1024K, 36 young (36864K), 1 survivors (1024K)
 Metaspace       used 9457K, committed 9664K, reserved 1064960K
  class space    used 1127K, committed 1216K, reserved 1048576K
GC Heap History (12 events):
Event: 1.224 GC heap before
{Heap before GC invocations=0 (full 0):
 garbage-first heap   total 126976K, used 22528K [0x0000000084000000, 0x0000000100000000)
  region size 1024K, 23 young (23552K), 0 survivors (0K)
 Metaspace       used 5819K, committed 6016K, reserved 1056768K
  class space    used 723K, committed 832K, reserved 1048576K
}
Event: 1.228 GC heap after
{Heap after GC invocations=1 (full 0):
 garbage-first heap   total 126976K, used 2778K [0x0000000084000000, 0x0000000100000000)
  region size 1024K, 3 young (3072K), 3 survivors (3072K)
 Metaspace       used 5819K, committed 6016K, reserved 1056768K
  class space    used 723K, committed 832K, reserved 1048576K
}
Event: 1.729 GC heap before
{Heap before GC invocations=1 (full 0):
 garbage-first heap   total 126976K, used 44762K [0x0000000084000000, 0x0000000100000000)
  region size 1024K, 7 young (7168K), 3 survivors (3072K)
 Metaspace       used 6688K, committed 6912K, reserved 1056768K
  class space    used 853K, committed 960K, reserved 1048576K
}
Event: 1.734 GC heap after
{Heap after GC invocations=2 (full 0):
 garbage-first heap   total 126976K, used 42377K [0x0000000084000000, 0x0000000100000000)
  region size 1024K, 1 young (1024K), 1 survivors (1024K)
 Metaspace       used 6688K, committed 6912K, reserved 1056768K
  class space    used 853K, committed 960K, reserved 1048576K
}
Event: 2.234 GC heap before
{Heap before GC invocations=2 (full 0):
 garbage-first heap   total 234496K, used 153993K [0x0000000084000000, 0x0000000100000000)
  region size 1024K, 2 young (2048K), 1 survivors (1024K)
 Metaspace       used 6703K, committed 6912K, reserved 1056768K
  class space    used 855K, committed 960K, reserved 1048576K
}
Event: 2.236 GC heap after
{Heap after GC invocations=3 (full 0):
 garbage-first heap   total 234496K, used 153950K [0x0000000084000000, 0x0000000100000000)
  region size 1024K, 1 young (1024K), 1 survivors (1024K)
 Metaspace       used 6703K, committed 6912K, reserved 1056768K
  class space    used 855K, committed 960K, reserved 1048576K
}
Event: 2.284 GC heap before
{Heap before GC invocations=4 (full 0):
 garbage-first heap   total 276480K, used 165214K [0x0000000084000000, 0x0000000100000000)
  region size 1024K, 2 young (2048K), 1 survivors (1024K)
 Metaspace       used 6699K, committed 6912K, reserved 1056768K
  class space    used 854K, committed 960K, reserved 1048576K
}
Event: 2.286 GC heap after
{Heap after GC invocations=5 (full 0):
 garbage-first heap   total 276480K, used 165216K [0x0000000084000000, 0x0000000100000000)
  region size 1024K, 1 young (1024K), 1 survivors (1024K)
 Metaspace       used 6699K, committed 6912K, reserved 1056768K
  class space    used 854K, committed 960K, reserved 1048576K
}
Event: 2.336 GC heap before
{Heap before GC invocations=6 (full 0):
 garbage-first heap   total 295936K, used 176480K [0x0000000084000000, 0x0000000100000000)
  region size 1024K, 2 young (2048K), 1 survivors (1024K)
 Metaspace       used 6700K, committed 6912K, reserved 1056768K
  class space    used 854K, committed 960K, reserved 1048576K
}
Event: 2.338 GC heap after
{Heap after GC invocations=7 (full 0):
 garbage-first heap   total 295936K, used 176479K [0x0000000084000000, 0x0000000100000000)
  region size 1024K, 1 young (1024K), 1 survivors (1024K)
 Metaspace       used 6700K, committed 6912K, reserved 1056768K
  class space    used 854K, committed 960K, reserved 1048576K
}
Event: 2.381 GC heap before
{Heap before GC invocations=8 (full 0):
 garbage-first heap   total 312320K, used 186719K [0x0000000084000000, 0x0000000100000000)
  region size 1024K, 2 young (2048K), 1 survivors (1024K)
 Metaspace       used 6700K, committed 6912K, reserved 1056768K
  class space    used 854K, committed 960K, reserved 1048576K
}
Event: 2.382 GC heap after
{Heap after GC invocations=9 (full 0):
 garbage-first heap   total 312320K, used 186720K [0x0000000084000000, 0x0000000100000000)
  region size 1024K, 1 young (1024K), 1 survivors (1024K)
 Metaspace       used 6700K, committed 6912K, reserved 1056768K
  class space    used 854K, committed 960K, reserved 1048576K
}

